{
  "stats": {
    "suites": 1,
    "tests": 1,
    "passes": 1,
    "pending": 0,
    "failures": 0,
    "start": "2022-05-19T10:48:26.042Z",
    "end": "2022-05-19T10:49:18.776Z",
    "duration": 52734,
    "testsRegistered": 1,
    "passPercent": 100,
    "pendingPercent": 0,
    "other": 0,
    "hasOther": false,
    "skipped": 0,
    "hasSkipped": false
  },
  "results": [
    {
      "uuid": "b2b8c8f0-9d6b-4b25-9585-cccba1dfade0",
      "title": "",
      "fullFile": "cypress/integration/AngularPracticeTest/calculation_in_cart.js",
      "file": "cypress/integration/AngularPracticeTest/calculation_in_cart.js",
      "beforeHooks": [],
      "afterHooks": [],
      "tests": [],
      "suites": [
        {
          "uuid": "cda6f92b-0729-4552-a0d2-99e9e6641eef",
          "title": "calculation_suite",
          "fullFile": "",
          "file": "",
          "beforeHooks": [],
          "afterHooks": [],
          "tests": [
            {
              "title": "first_method",
              "fullTitle": "calculation_suite first_method",
              "timedOut": null,
              "duration": 48636,
              "state": "passed",
              "speed": "slow",
              "pass": true,
              "fail": false,
              "pending": false,
              "context": null,
              "code": "var hp = new _HomePage[\"default\"]();\nvar prodp = new _ProductPage[\"default\"]();\nvar checkoutPg = new _CheckoutPage[\"default\"]();\nvar purchPg = new _purchasePage[\"default\"](); // cy.visit(\"https://rahulshettyacademy.com/angularpractice/\") check TestAutomation_1.js\ncy.visit(Cypress.env(\"url\") + \"/angularpractice/\");\nhp.getNameInputField().type(this.data.name);\nhp.getEmailInputField().clear().type(this.data.email);\nhp.getGender().select(this.data.gender);\nhp.getBday().type(this.data.dob);\nhp.getShopBtn().click(); //this is how you iterate through array\nthis.data.prodName.forEach(function (element) {\n  return cy.SelectProduct(element);\n});\nprodp.getcheckout().click();\n/*cy.get(\"tr td:nth-child(4) >strong\").then(function(element){\n   const pricetxt=  element.text()\n  cy.log(pricetxt)\n  })*/\n//this testcase we are calculating the the sum of the amt ( programmatically) in the cart page \n//which is equal to the actual sum\nvar sum = 0; // we are using variable here since it needs to be reassigned\ncy.get(\"tr td:nth-child(4) >strong\").each(function (el, index, list) {\n  var pricetxt = el.text();\n  var pricetxt1 = pricetxt.split(\".\"); // splits the data using a regex\n  //pricetxt.trim\n  var pricetxt2 = pricetxt1[1].trim(); // trims any leading/trailing spaces\n  cy.log(pricetxt2);\n  sum = Number(sum) + Number(pricetxt2); // by default any data in js is a string. Hence to make it a number, we use number method and pass the string into it\n  //this is resolving the promise since cypress doesnot have knowledge of adding sequentially.\n}).then(function () {\n  cy.log(Number(sum));\n});\ncy.get(\"h3 strong\").then(function (element) {\n  var Total = element.text().split(\".\");\n  Total = Total[1].trim();\n  var newTotal = Number(Total);\n  cy.log(newTotal); //chai assertion\n  expect(Number(sum)).to.equal(newTotal);\n});",
              "err": {},
              "uuid": "251748ff-a85f-4817-b88c-0af5b5fcba6e",
              "parentUUID": "cda6f92b-0729-4552-a0d2-99e9e6641eef",
              "isHook": false,
              "skipped": false
            }
          ],
          "suites": [],
          "passes": [
            "251748ff-a85f-4817-b88c-0af5b5fcba6e"
          ],
          "failures": [],
          "pending": [],
          "skipped": [],
          "duration": 48636,
          "root": false,
          "rootEmpty": false,
          "_timeout": 2000
        }
      ],
      "passes": [],
      "failures": [],
      "pending": [],
      "skipped": [],
      "duration": 0,
      "root": true,
      "rootEmpty": true,
      "_timeout": 2000
    }
  ],
  "meta": {
    "mocha": {
      "version": "7.0.1"
    },
    "mochawesome": {
      "options": {
        "quiet": false,
        "reportFilename": "mochawesome",
        "saveHtml": true,
        "saveJson": true,
        "consoleReporter": "spec",
        "useInlineDiffs": false,
        "code": true
      },
      "version": "7.1.3"
    },
    "marge": {
      "options": {
        "charts": true,
        "html": true,
        "json": true,
        "reportDir": "cypress/mochawesome-report",
        "reportFilename": "mochawesome",
        "overwrite": false,
        "timestamp": "mmddyyy_HHMMss"
      },
      "version": "6.2.0"
    }
  }
}