{
  "stats": {
    "suites": 1,
    "tests": 1,
    "passes": 0,
    "pending": 0,
    "failures": 1,
    "start": "2022-05-19T06:02:32.856Z",
    "end": "2022-05-19T06:04:22.649Z",
    "duration": 109793,
    "testsRegistered": 1,
    "passPercent": 0,
    "pendingPercent": 0,
    "other": 0,
    "hasOther": false,
    "skipped": 0,
    "hasSkipped": false
  },
  "results": [
    {
      "uuid": "c62ca1ca-3600-4d55-98e9-5e389d0eee21",
      "title": "",
      "fullFile": "cypress/integration/3-examples/BDD_framework/Ecommerce.feature",
      "file": "cypress/integration/3-examples/BDD_framework/Ecommerce.feature",
      "beforeHooks": [],
      "afterHooks": [],
      "tests": [],
      "suites": [
        {
          "uuid": "654ff201-2822-4613-b047-ab880d6ac6b3",
          "title": "End to End Ecommerce Validation",
          "fullFile": "",
          "file": "",
          "beforeHooks": [],
          "afterHooks": [],
          "tests": [
            {
              "title": "Ecommerce Product Delivery",
              "fullTitle": "End to End Ecommerce Validation Ecommerce Product Delivery",
              "timedOut": null,
              "duration": 47866,
              "state": "failed",
              "speed": null,
              "pass": false,
              "fail": true,
              "pending": false,
              "context": null,
              "code": "const state = window.testState;\nreturn cy\n  .then(() => state.onStartScenario(scenario, indexedSteps))\n  .then(() =>\n    resolveAndRunBeforeHooks.call(this, scenario.tags, state.feature.name)\n  )\n  .then(() =>\n    indexedSteps.forEach((step) =>\n      stepTest.call(this, state, step, rowData)\n    )\n  )\n  .then(() => state.onFinishScenario(scenario));",
              "err": {
                "message": "AssertionError: Timed out retrying after 8000ms: Expected to find element: `#navbarResponsive > .navbar-nav > .nav-item > .nav-link`, but never found it.",
                "estack": "AssertionError: Timed out retrying after 8000ms: Expected to find element: `#navbarResponsive > .navbar-nav > .nav-item > .nav-link`, but never found it.\n    at ProductPage.getcheckout (https://rahulshettyacademy.com/__cypress/tests?p=cypress/integration/3-examples/BDD_framework/Ecommerce.feature:118:17)\n    at Context.eval (https://rahulshettyacademy.com/__cypress/tests?p=cypress/integration/3-examples/BDD_framework/Ecommerce.feature:76:11)",
                "diff": null
              },
              "uuid": "6c1bd46a-85b7-4ae8-b68d-84663bf6bec7",
              "parentUUID": "654ff201-2822-4613-b047-ab880d6ac6b3",
              "isHook": false,
              "skipped": false
            }
          ],
          "suites": [],
          "passes": [],
          "failures": [
            "6c1bd46a-85b7-4ae8-b68d-84663bf6bec7"
          ],
          "pending": [],
          "skipped": [],
          "duration": 47866,
          "root": false,
          "rootEmpty": false,
          "_timeout": 2000
        }
      ],
      "passes": [],
      "failures": [],
      "pending": [],
      "skipped": [],
      "duration": 0,
      "root": true,
      "rootEmpty": true,
      "_timeout": 2000
    }
  ],
  "meta": {
    "mocha": {
      "version": "7.0.1"
    },
    "mochawesome": {
      "options": {
        "quiet": false,
        "reportFilename": "mochawesome",
        "saveHtml": true,
        "saveJson": true,
        "consoleReporter": "spec",
        "useInlineDiffs": false,
        "code": true
      },
      "version": "7.1.3"
    },
    "marge": {
      "options": {
        "charts": true,
        "html": true,
        "json": true,
        "reportDir": "cypress/mochawesome-report",
        "reportFilename": "mochawesome",
        "overwrite": false,
        "timestamp": "mmddyyy_HHMMss"
      },
      "version": "6.2.0"
    }
  }
}