{
  "stats": {
    "suites": 1,
    "tests": 1,
    "passes": 1,
    "pending": 0,
    "failures": 0,
    "start": "2022-05-19T10:49:37.944Z",
    "end": "2022-05-19T10:50:21.009Z",
    "duration": 43065,
    "testsRegistered": 1,
    "passPercent": 100,
    "pendingPercent": 0,
    "other": 0,
    "hasOther": false,
    "skipped": 0,
    "hasSkipped": false
  },
  "results": [
    {
      "uuid": "875ed7fe-fb97-485a-9b11-43d4f61a2166",
      "title": "",
      "fullFile": "cypress/integration/AngularPracticeTest/End_2_End_practice.js",
      "file": "cypress/integration/AngularPracticeTest/End_2_End_practice.js",
      "beforeHooks": [],
      "afterHooks": [],
      "tests": [],
      "suites": [
        {
          "uuid": "0e0db774-815d-4c7d-ada5-f408cf7ee027",
          "title": "end_2_e_practice_suite",
          "fullFile": "",
          "file": "",
          "beforeHooks": [],
          "afterHooks": [],
          "tests": [
            {
              "title": "first_function_for_e2e",
              "fullTitle": "end_2_e_practice_suite first_function_for_e2e",
              "timedOut": null,
              "duration": 40110,
              "state": "passed",
              "speed": "slow",
              "pass": true,
              "fail": false,
              "pending": false,
              "context": null,
              "code": "var prodp = new _ProductPage[\"default\"]();\ncy.visit(Cypress.env(\"url\") + \"/angularpractice/shop\");\nthis.data.prodName.forEach(function (element) {\n  return cy.SelectProduct(element);\n});\nprodp.getcheckout().click();\ncy.get(\"h4[class='media-heading']\").each(function (el, index, list) {\n  var listtext = el.text();\n  cy.log(listtext);\n  cy.get(\"h4[class='media-heading']\").should(\"have.length\", 3);\n  cy.get(\"h4[class='media-heading']\").should(\"include.text\", listtext);\n});\nvar sum = 0;\ncy.get(\"td[class='col-sm-1 col-md-1 text-center']:nth-child(4)\").each(function (el, index, list) {\n  var prodprice = el.text();\n  var newPrddprice = prodprice.split(\" \")[1].trim(); //cy.log(Number(newPrddprice))\n  sum = Number(sum) + Number(newPrddprice);\n}).then(function () {\n  cy.log(sum);\n});\ncy.get(\"td[class='text-right'] h3 strong\").then(function (element) {\n  var total = element.text();\n  var total1 = total.split(\".\");\n  var total2 = total1[1].trim();\n  var NewTotal = Number(total2);\n  cy.log(NewTotal);\n  expect(Number(sum)).to.equal(NewTotal);\n});",
              "err": {},
              "uuid": "42245029-f57a-4655-8b37-2bfab6829eed",
              "parentUUID": "0e0db774-815d-4c7d-ada5-f408cf7ee027",
              "isHook": false,
              "skipped": false
            }
          ],
          "suites": [],
          "passes": [
            "42245029-f57a-4655-8b37-2bfab6829eed"
          ],
          "failures": [],
          "pending": [],
          "skipped": [],
          "duration": 40110,
          "root": false,
          "rootEmpty": false,
          "_timeout": 2000
        }
      ],
      "passes": [],
      "failures": [],
      "pending": [],
      "skipped": [],
      "duration": 0,
      "root": true,
      "rootEmpty": true,
      "_timeout": 2000
    }
  ],
  "meta": {
    "mocha": {
      "version": "7.0.1"
    },
    "mochawesome": {
      "options": {
        "quiet": false,
        "reportFilename": "mochawesome",
        "saveHtml": true,
        "saveJson": true,
        "consoleReporter": "spec",
        "useInlineDiffs": false,
        "code": true
      },
      "version": "7.1.3"
    },
    "marge": {
      "options": {
        "charts": true,
        "html": true,
        "json": true,
        "reportDir": "cypress/mochawesome-report",
        "reportFilename": "mochawesome",
        "overwrite": false,
        "timestamp": "mmddyyy_HHMMss"
      },
      "version": "6.2.0"
    }
  }
}