{
  "stats": {
    "suites": 1,
    "tests": 2,
    "passes": 1,
    "pending": 1,
    "failures": 0,
    "start": "2022-05-19T10:11:21.973Z",
    "end": "2022-05-19T10:11:49.246Z",
    "duration": 27273,
    "testsRegistered": 2,
    "passPercent": 100,
    "pendingPercent": 50,
    "other": 0,
    "hasOther": false,
    "skipped": 1,
    "hasSkipped": true
  },
  "results": [
    {
      "uuid": "a855a964-10ec-4dbc-9566-cdea0cbd238f",
      "title": "",
      "fullFile": "cypress/integration/3-examples/BDD_framework/Ecommerce.feature",
      "file": "cypress/integration/3-examples/BDD_framework/Ecommerce.feature",
      "beforeHooks": [],
      "afterHooks": [],
      "tests": [],
      "suites": [
        {
          "uuid": "4ab3d0cc-49d3-4f72-b352-2ac388017a02",
          "title": "End to End Ecommerce Validation",
          "fullFile": "",
          "file": "",
          "beforeHooks": [],
          "afterHooks": [],
          "tests": [
            {
              "title": "Ecommerce Product Delivery",
              "fullTitle": "End to End Ecommerce Validation Ecommerce Product Delivery",
              "timedOut": null,
              "duration": 297,
              "state": "pending",
              "speed": null,
              "pass": false,
              "fail": false,
              "pending": false,
              "context": null,
              "code": "// register this scenario with the cucumber data collector\n// but don't run it\n// Tell mocha this is a skipped test so it also shows correctly in Cypress\nconst state = window.testState;\ncy.then(() => state.onStartScenario(scenario, indexedSteps))\n  .then(() => state.onFinishScenario(scenario))\n  // eslint-disable-next-line func-names\n  .then(function () {\n    return this.skip();\n  });",
              "err": {},
              "uuid": "a0d4fe82-47b9-4cc5-9a02-d1da912b4bc4",
              "parentUUID": "4ab3d0cc-49d3-4f72-b352-2ac388017a02",
              "isHook": false,
              "skipped": true
            },
            {
              "title": "Form submission happens successfully",
              "fullTitle": "End to End Ecommerce Validation Form submission happens successfully",
              "timedOut": null,
              "duration": 19760,
              "state": "passed",
              "speed": "slow",
              "pass": true,
              "fail": false,
              "pending": false,
              "context": null,
              "code": "const state = window.testState;\nreturn cy\n  .then(() => state.onStartScenario(scenario, indexedSteps))\n  .then(() =>\n    resolveAndRunBeforeHooks.call(this, scenario.tags, state.feature.name)\n  )\n  .then(() =>\n    indexedSteps.forEach((step) =>\n      stepTest.call(this, state, step, rowData)\n    )\n  )\n  .then(() => state.onFinishScenario(scenario));",
              "err": {},
              "uuid": "63c72e40-0581-4ec1-a369-3a0abbe1db0b",
              "parentUUID": "4ab3d0cc-49d3-4f72-b352-2ac388017a02",
              "isHook": false,
              "skipped": false
            }
          ],
          "suites": [],
          "passes": [
            "63c72e40-0581-4ec1-a369-3a0abbe1db0b"
          ],
          "failures": [],
          "pending": [],
          "skipped": [
            "a0d4fe82-47b9-4cc5-9a02-d1da912b4bc4"
          ],
          "duration": 20057,
          "root": false,
          "rootEmpty": false,
          "_timeout": 2000
        }
      ],
      "passes": [],
      "failures": [],
      "pending": [],
      "skipped": [],
      "duration": 0,
      "root": true,
      "rootEmpty": true,
      "_timeout": 2000
    }
  ],
  "meta": {
    "mocha": {
      "version": "7.0.1"
    },
    "mochawesome": {
      "options": {
        "quiet": false,
        "reportFilename": "mochawesome",
        "saveHtml": true,
        "saveJson": true,
        "consoleReporter": "spec",
        "useInlineDiffs": false,
        "code": true
      },
      "version": "7.1.3"
    },
    "marge": {
      "options": {
        "charts": true,
        "html": true,
        "json": true,
        "reportDir": "cypress/mochawesome-report",
        "reportFilename": "mochawesome",
        "overwrite": false,
        "timestamp": "mmddyyy_HHMMss"
      },
      "version": "6.2.0"
    }
  }
}