{
  "stats": {
    "suites": 1,
    "tests": 1,
    "passes": 1,
    "pending": 0,
    "failures": 0,
    "start": "2022-05-17T17:38:24.523Z",
    "end": "2022-05-17T17:38:35.320Z",
    "duration": 10797,
    "testsRegistered": 1,
    "passPercent": 100,
    "pendingPercent": 0,
    "other": 0,
    "hasOther": false,
    "skipped": 0,
    "hasSkipped": false
  },
  "results": [
    {
      "uuid": "5a1690f4-dadc-400e-8008-42749c3e9a02",
      "title": "",
      "fullFile": "cypress/integration/3-examples/form_submission.js",
      "file": "cypress/integration/3-examples/form_submission.js",
      "beforeHooks": [],
      "afterHooks": [],
      "tests": [],
      "suites": [
        {
          "uuid": "f32b6b5d-37be-4f3a-9ccb-0bb8198fcc6c",
          "title": "form_submission_suite",
          "fullFile": "",
          "file": "",
          "beforeHooks": [],
          "afterHooks": [],
          "tests": [
            {
              "title": "first_method",
              "fullTitle": "form_submission_suite first_method",
              "timedOut": null,
              "duration": 7740,
              "state": "passed",
              "speed": "medium",
              "pass": true,
              "fail": false,
              "pending": false,
              "context": null,
              "code": "var hp = new _HomePage[\"default\"]();\nvar prodp = new _ProductPage[\"default\"]();\ncy.visit(\"https://rahulshettyacademy.com/angularpractice/\");\nhp.getNameInputField().type(this.data.name);\nhp.getEmailInputField().clear().type(this.data.email);\nhp.getGender().select(this.data.gender);\nhp.getBday().type(this.data.dob);\ncy.get(\"input[type='submit']\").click(); // cy.get(\"div[class='alert alert-success alert-dismissible']\").should(\"contain.text\",\" The Form has been submitted successfully!.\")\ncy.get(\"div[class='alert alert-success alert-dismissible']\").should(\"include.text\", \" The Form has been submitted successfully!.\");",
              "err": {},
              "uuid": "6ad772f1-bae8-436f-bd06-f3a69794b52f",
              "parentUUID": "f32b6b5d-37be-4f3a-9ccb-0bb8198fcc6c",
              "isHook": false,
              "skipped": false
            }
          ],
          "suites": [],
          "passes": [
            "6ad772f1-bae8-436f-bd06-f3a69794b52f"
          ],
          "failures": [],
          "pending": [],
          "skipped": [],
          "duration": 7740,
          "root": false,
          "rootEmpty": false,
          "_timeout": 2000
        }
      ],
      "passes": [],
      "failures": [],
      "pending": [],
      "skipped": [],
      "duration": 0,
      "root": true,
      "rootEmpty": true,
      "_timeout": 2000
    }
  ],
  "meta": {
    "mocha": {
      "version": "7.0.1"
    },
    "mochawesome": {
      "options": {
        "quiet": false,
        "reportFilename": "mochawesome",
        "saveHtml": true,
        "saveJson": true,
        "consoleReporter": "spec",
        "useInlineDiffs": false,
        "code": true
      },
      "version": "7.1.3"
    },
    "marge": {
      "options": {
        "charts": true,
        "html": true,
        "json": true,
        "reportDir": "cypress/mochawesome-report",
        "reportFilename": "mochawesome",
        "overwrite": false,
        "timestamp": "mmddyyy_HHMMss"
      },
      "version": "6.2.0"
    }
  }
}