{
  "stats": {
    "suites": 1,
    "tests": 2,
    "passes": 2,
    "pending": 0,
    "failures": 0,
    "start": "2022-05-19T10:43:41.652Z",
    "end": "2022-05-19T10:45:03.890Z",
    "duration": 82238,
    "testsRegistered": 2,
    "passPercent": 100,
    "pendingPercent": 0,
    "other": 0,
    "hasOther": false,
    "skipped": 0,
    "hasSkipped": false
  },
  "results": [
    {
      "uuid": "08278ab3-2b1c-4e4d-9002-e2a0148a5207",
      "title": "",
      "fullFile": "cypress/integration/3-examples/BDD_framework/Ecommerce.feature",
      "file": "cypress/integration/3-examples/BDD_framework/Ecommerce.feature",
      "beforeHooks": [],
      "afterHooks": [],
      "tests": [],
      "suites": [
        {
          "uuid": "18d3d15a-4149-413b-80a1-f98017b9f1d2",
          "title": "End to End Ecommerce Validation",
          "fullFile": "",
          "file": "",
          "beforeHooks": [],
          "afterHooks": [],
          "tests": [
            {
              "title": "Ecommerce Product Delivery",
              "fullTitle": "End to End Ecommerce Validation Ecommerce Product Delivery",
              "timedOut": null,
              "duration": 52493,
              "state": "passed",
              "speed": "slow",
              "pass": true,
              "fail": false,
              "pending": false,
              "context": null,
              "code": "const state = window.testState;\nreturn cy\n  .then(() => state.onStartScenario(scenario, indexedSteps))\n  .then(() =>\n    resolveAndRunBeforeHooks.call(this, scenario.tags, state.feature.name)\n  )\n  .then(() =>\n    indexedSteps.forEach((step) =>\n      stepTest.call(this, state, step, rowData)\n    )\n  )\n  .then(() => state.onFinishScenario(scenario));",
              "err": {},
              "uuid": "09916020-f7e0-44bb-b8b1-b6deedd85b72",
              "parentUUID": "18d3d15a-4149-413b-80a1-f98017b9f1d2",
              "isHook": false,
              "skipped": false
            },
            {
              "title": "Form submission happens successfully",
              "fullTitle": "End to End Ecommerce Validation Form submission happens successfully",
              "timedOut": null,
              "duration": 21183,
              "state": "passed",
              "speed": "slow",
              "pass": true,
              "fail": false,
              "pending": false,
              "context": null,
              "code": "const state = window.testState;\nreturn cy\n  .then(() => state.onStartScenario(scenario, indexedSteps))\n  .then(() =>\n    resolveAndRunBeforeHooks.call(this, scenario.tags, state.feature.name)\n  )\n  .then(() =>\n    indexedSteps.forEach((step) =>\n      stepTest.call(this, state, step, rowData)\n    )\n  )\n  .then(() => state.onFinishScenario(scenario));",
              "err": {},
              "uuid": "768e8fd4-fc37-4125-b222-37853f7857b6",
              "parentUUID": "18d3d15a-4149-413b-80a1-f98017b9f1d2",
              "isHook": false,
              "skipped": false
            }
          ],
          "suites": [],
          "passes": [
            "09916020-f7e0-44bb-b8b1-b6deedd85b72",
            "768e8fd4-fc37-4125-b222-37853f7857b6"
          ],
          "failures": [],
          "pending": [],
          "skipped": [],
          "duration": 73676,
          "root": false,
          "rootEmpty": false,
          "_timeout": 2000
        }
      ],
      "passes": [],
      "failures": [],
      "pending": [],
      "skipped": [],
      "duration": 0,
      "root": true,
      "rootEmpty": true,
      "_timeout": 2000
    }
  ],
  "meta": {
    "mocha": {
      "version": "7.0.1"
    },
    "mochawesome": {
      "options": {
        "quiet": false,
        "reportFilename": "mochawesome",
        "saveHtml": true,
        "saveJson": true,
        "consoleReporter": "spec",
        "useInlineDiffs": false,
        "code": true
      },
      "version": "7.1.3"
    },
    "marge": {
      "options": {
        "charts": true,
        "html": true,
        "json": true,
        "reportDir": "cypress/mochawesome-report",
        "reportFilename": "mochawesome",
        "overwrite": false,
        "timestamp": "mmddyyy_HHMMss"
      },
      "version": "6.2.0"
    }
  }
}