{
  "stats": {
    "suites": 1,
    "tests": 1,
    "passes": 1,
    "pending": 0,
    "failures": 0,
    "start": "2022-05-19T10:52:23.214Z",
    "end": "2022-05-19T10:52:44.299Z",
    "duration": 21085,
    "testsRegistered": 1,
    "passPercent": 100,
    "pendingPercent": 0,
    "other": 0,
    "hasOther": false,
    "skipped": 0,
    "hasSkipped": false
  },
  "results": [
    {
      "uuid": "dc85c6c7-b8ad-482e-8513-5c7d4255c6ab",
      "title": "",
      "fullFile": "cypress/integration/NopCommerce/Nop_Commerce.js",
      "file": "cypress/integration/NopCommerce/Nop_Commerce.js",
      "beforeHooks": [],
      "afterHooks": [],
      "tests": [],
      "suites": [
        {
          "uuid": "9fd7f83b-b07b-49c8-a122-14c9fd6d891c",
          "title": "end_to_end_TestSuite",
          "fullFile": "",
          "file": "",
          "beforeHooks": [],
          "afterHooks": [],
          "tests": [
            {
              "title": "LoginFeature_testcase1",
              "fullTitle": "end_to_end_TestSuite LoginFeature_testcase1",
              "timedOut": null,
              "duration": 18138,
              "state": "passed",
              "speed": "slow",
              "pass": true,
              "fail": false,
              "pending": false,
              "context": null,
              "code": "cy.visit(\"https://admin-demo.nopcommerce.com/login\");\ncy.get(\"#Email\").clear().type(this.data.email);\ncy.get(\"#Password\").clear().type(this.data.password);\ncy.contains(\"Log in\").click();\ncy.waitFor(1000);\ncy.get(\".navbar-nav > :nth-child(3) > .nav-link\").click();",
              "err": {},
              "uuid": "88f2cdee-f153-4aa6-b57b-ca4e882583af",
              "parentUUID": "9fd7f83b-b07b-49c8-a122-14c9fd6d891c",
              "isHook": false,
              "skipped": false
            }
          ],
          "suites": [],
          "passes": [
            "88f2cdee-f153-4aa6-b57b-ca4e882583af"
          ],
          "failures": [],
          "pending": [],
          "skipped": [],
          "duration": 18138,
          "root": false,
          "rootEmpty": false,
          "_timeout": 2000
        }
      ],
      "passes": [],
      "failures": [],
      "pending": [],
      "skipped": [],
      "duration": 0,
      "root": true,
      "rootEmpty": true,
      "_timeout": 2000
    }
  ],
  "meta": {
    "mocha": {
      "version": "7.0.1"
    },
    "mochawesome": {
      "options": {
        "quiet": false,
        "reportFilename": "mochawesome",
        "saveHtml": true,
        "saveJson": true,
        "consoleReporter": "spec",
        "useInlineDiffs": false,
        "code": true
      },
      "version": "7.1.3"
    },
    "marge": {
      "options": {
        "charts": true,
        "html": true,
        "json": true,
        "reportDir": "cypress/mochawesome-report",
        "reportFilename": "mochawesome",
        "overwrite": false,
        "timestamp": "mmddyyy_HHMMss"
      },
      "version": "6.2.0"
    }
  }
}