{
  "stats": {
    "suites": 1,
    "tests": 1,
    "passes": 1,
    "pending": 0,
    "failures": 0,
    "start": "2022-05-19T10:51:48.026Z",
    "end": "2022-05-19T10:52:11.766Z",
    "duration": 23740,
    "testsRegistered": 1,
    "passPercent": 100,
    "pendingPercent": 0,
    "other": 0,
    "hasOther": false,
    "skipped": 0,
    "hasSkipped": false
  },
  "results": [
    {
      "uuid": "80f7f8de-a7a0-4ff9-baca-2eb8c5e60796",
      "title": "",
      "fullFile": "cypress/integration/NopCommerce/Nop_commeceParameterization.js",
      "file": "cypress/integration/NopCommerce/Nop_commeceParameterization.js",
      "beforeHooks": [],
      "afterHooks": [],
      "tests": [],
      "suites": [
        {
          "uuid": "62fd8ecf-86a4-45aa-ba51-2f08ea0ea0b4",
          "title": "custom_function_suite",
          "fullFile": "",
          "file": "",
          "beforeHooks": [],
          "afterHooks": [],
          "tests": [
            {
              "title": "LoginFeature_testcase1",
              "fullTitle": "custom_function_suite LoginFeature_testcase1",
              "timedOut": null,
              "duration": 20423,
              "state": "passed",
              "speed": "slow",
              "pass": true,
              "fail": false,
              "pending": false,
              "context": null,
              "code": "cy.Login(\"admin@yourstore.com\", \"admin\"); //cy.get(\"title\").should(\"have.text\",\"Dashboard / nopCommerce administration\")\ncy.title().should(\"be.equal\", \"Dashboard / nopCommerce administration\"); //cy.get(\".navbar-nav > :nth-child(3) > .nav-link\").click()   \ncy.Login(\"adn@yourstore.com\", \"admin\"); //cy.get(\"title\").should(\"not.have.text\",\"Dashboard / nopCommerce administration\")\n//fetching text from an element\n/*cy.get(\"div[class='message-error validation-summary-errors']\").then(function(element){\n const text= element.text()\n cy.log(text)*/\ncy.get(\"div[class='message-error validation-summary-errors']\").should(\"contain.text\", \"Login was unsuccessful.\");",
              "err": {},
              "uuid": "88abdbf0-f697-41f1-9f55-8d3c711d5912",
              "parentUUID": "62fd8ecf-86a4-45aa-ba51-2f08ea0ea0b4",
              "isHook": false,
              "skipped": false
            }
          ],
          "suites": [],
          "passes": [
            "88abdbf0-f697-41f1-9f55-8d3c711d5912"
          ],
          "failures": [],
          "pending": [],
          "skipped": [],
          "duration": 20423,
          "root": false,
          "rootEmpty": false,
          "_timeout": 2000
        }
      ],
      "passes": [],
      "failures": [],
      "pending": [],
      "skipped": [],
      "duration": 0,
      "root": true,
      "rootEmpty": true,
      "_timeout": 2000
    }
  ],
  "meta": {
    "mocha": {
      "version": "7.0.1"
    },
    "mochawesome": {
      "options": {
        "quiet": false,
        "reportFilename": "mochawesome",
        "saveHtml": true,
        "saveJson": true,
        "consoleReporter": "spec",
        "useInlineDiffs": false,
        "code": true
      },
      "version": "7.1.3"
    },
    "marge": {
      "options": {
        "charts": true,
        "html": true,
        "json": true,
        "reportDir": "cypress/mochawesome-report",
        "reportFilename": "mochawesome",
        "overwrite": false,
        "timestamp": "mmddyyy_HHMMss"
      },
      "version": "6.2.0"
    }
  }
}